<?xml version="1.0" encoding="UTF-8"?>
<!-- Generated by org.testng.reporters.JUnitReportReporter -->
<testsuite hostname="DESKTOP-57M536C" failures="0" tests="3" name="Data_Provider.DataProvider_Example" time="191.328" errors="0" timestamp="2021-12-14T19:27:14 IST" skipped="0">
  <testcase classname="Data_Provider.DataProvider_Example" name="login_Test" time="76.231"/>
  <system-out/>
  <testcase classname="Data_Provider.DataProvider_Example" name="login_Test" time="39.273"/>
  <system-out/>
  <testcase classname="Data_Provider.DataProvider_Example" name="login_Test" time="75.824"/>
  <system-out/>
</testsuite> <!-- Data_Provider.DataProvider_Example -->
