<?xml version="1.0" encoding="UTF-8"?>
<!-- Generated by org.testng.reporters.JUnitReportReporter -->
<testsuite hostname="DESKTOP-57M536C" failures="0" tests="1" name="SnapDealWebsite.Demo_Test" time="0.020" errors="0" timestamp="2022-01-05T19:58:01 IST" skipped="0">
  <testcase classname="SnapDealWebsite.Demo_Test" name="createCustomer" time="0.020"/>
  <system-out>
    <![CDATA[createCustomer]]>
  </system-out>
</testsuite> <!-- SnapDealWebsite.Demo_Test -->
