<?xml version="1.0" encoding="UTF-8"?>
<!-- Generated by org.testng.reporters.JUnitReportReporter -->
<testsuite hostname="DESKTOP-57M536C" failures="0" tests="1" name="Listner_Demo_Test" time="12.256" errors="0" timestamp="2021-11-26T16:59:02 IST" skipped="0">
  <testcase classname="Listner_Demo_Test" name="launchApp" time="12.256"/>
  <system-out/>
</testsuite> <!-- Listner_Demo_Test -->
