<?xml version="1.0" encoding="UTF-8"?>
<!-- Generated by org.testng.reporters.JUnitReportReporter -->
<testsuite hostname="DESKTOP-57M536C" failures="0" tests="2" name="DataDrivenframework.ActiTime" time="0.742" errors="0" timestamp="2021-10-26T15:47:16 IST" skipped="0">
  <testcase classname="DataDrivenframework.ActiTime" name="modifycutomer" time="0.007"/>
  <system-out>
    <![CDATA[modifycustomer]]>
  </system-out>
  <testcase classname="DataDrivenframework.ActiTime" name="createcustomer" time="0.735"/>
  <system-out>
    <![CDATA[createcustomer]]>
  </system-out>
</testsuite> <!-- DataDrivenframework.ActiTime -->
