<?xml version="1.0" encoding="UTF-8"?>
<!-- Generated by org.testng.reporters.JUnitReportReporter -->
<testsuite hostname="DESKTOP-57M536C" failures="0" tests="1" name="TestNG_Practise.Test_Google" time="21.702" errors="0" timestamp="2022-02-17T15:40:47 IST" skipped="0">
  <testcase classname="TestNG_Practise.Test_Google" name="test_google" time="21.702"/>
  <system-out>
    <![CDATA[fail]]>
  </system-out>
</testsuite> <!-- TestNG_Practise.Test_Google -->
