<?xml version="1.0" encoding="UTF-8"?>
<!-- Generated by org.testng.reporters.JUnitReportReporter -->
<testsuite hostname="DESKTOP-57M536C" failures="0" tests="1" name="SnapDealWebsite.RegisterAutomationTesting" time="127.074" errors="0" timestamp="2021-11-29T20:04:30 IST" skipped="0">
  <testcase classname="SnapDealWebsite.RegisterAutomationTesting" name="take_Screenshot" time="127.074"/>
  <system-out/>
</testsuite> <!-- SnapDealWebsite.RegisterAutomationTesting -->
